TN:
SF:src\modules\users\services\UpdateProfileService.ts
FN:70,__decorate
FN:70,__metadata
FN:70,__param
FN:70,__awaiter
FN:70,adopt
FN:70,fulfilled
FN:70,rejected
FN:70,step
FN:70,__generator
FN:70,sent
FN:70,g.<computed>
FN:70,verb
FN:70,step
FN:70,__importDefault
FN:21,UpdateProfileService
FN:29,UpdateProfileService.execute
FNF:16
FNH:14
FNDA:1,__decorate
FNDA:1,__metadata
FNDA:2,__param
FNDA:5,__awaiter
FNDA:13,adopt
FNDA:13,fulfilled
FNDA:0,rejected
FNDA:15,step
FNDA:5,__generator
FNDA:13,sent
FNDA:0,g.<computed>
FNDA:15,verb
FNDA:18,step
FNDA:1,__importDefault
FNDA:5,UpdateProfileService
FNDA:5,UpdateProfileService.execute
DA:1,1
DA:2,1
DA:3,1
DA:4,1
DA:5,1
DA:6,1
DA:7,1
DA:8,1
DA:9,1
DA:10,1
DA:11,1
DA:12,1
DA:13,1
DA:14,1
DA:15,1
DA:16,1
DA:17,1
DA:18,1
DA:19,1
DA:20,1
DA:21,1
DA:22,5
DA:23,5
DA:24,5
DA:25,5
DA:26,5
DA:27,5
DA:28,1
DA:29,1
DA:30,5
DA:31,5
DA:32,5
DA:33,5
DA:34,5
DA:35,5
DA:36,5
DA:37,5
DA:38,0
DA:39,0
DA:40,5
DA:41,5
DA:42,5
DA:43,5
DA:44,1
DA:45,1
DA:46,4
DA:47,4
DA:48,4
DA:49,4
DA:50,5
DA:51,1
DA:52,1
DA:53,3
DA:54,5
DA:55,2
DA:56,2
DA:57,2
DA:58,2
DA:59,5
DA:60,1
DA:61,1
DA:62,1
DA:63,1
DA:64,5
DA:65,5
DA:66,5
DA:67,5
DA:68,1
DA:69,1
DA:70,1
LF:70
LH:68
BRDA:70,0,0,1
BRDA:70,1,0,1
BRDA:70,2,0,0
BRDA:70,3,0,0
BRDA:70,4,0,0
BRDA:70,5,0,0
BRDA:70,6,0,1
BRDA:70,7,0,2
BRDA:70,8,0,2
BRDA:70,9,0,5
BRDA:70,10,0,13
BRDA:70,11,0,0
BRDA:70,12,0,5
BRDA:70,13,0,13
BRDA:70,14,0,10
BRDA:70,15,0,3
BRDA:70,16,0,15
BRDA:70,17,0,2
BRDA:70,18,0,13
BRDA:70,19,0,5
BRDA:70,20,0,13
BRDA:70,21,0,0
BRDA:70,22,0,15
BRDA:70,23,0,18
BRDA:70,24,0,18
BRDA:70,25,0,0
BRDA:70,26,0,37
BRDA:70,27,0,0
BRDA:70,28,0,0
BRDA:70,29,0,0
BRDA:70,30,0,0
BRDA:70,31,0,18
BRDA:70,32,0,18
BRDA:70,33,0,13
BRDA:70,34,0,0
BRDA:70,35,0,0
BRDA:70,36,0,6
BRDA:70,37,0,0
BRDA:70,38,0,3
BRDA:70,39,0,5
BRDA:70,40,0,1
BRDA:70,41,0,0
BRDA:70,42,0,1
BRDA:70,43,0,0
BRDA:70,44,0,0
BRDA:70,45,0,0
BRDA:70,46,0,19
BRDA:70,47,0,16
BRDA:70,48,0,3
BRDA:70,49,0,19
BRDA:70,50,0,5
BRDA:70,51,0,3
BRDA:70,52,0,2
BRDA:70,53,0,0
BRDA:70,54,0,1
BRDA:70,55,0,0
BRDA:20,56,0,1
BRDA:21,57,0,5
BRDA:29,58,0,5
BRDA:70,59,0,5
BRDA:70,60,0,19
BRDA:36,61,0,5
BRDA:70,62,0,5
BRDA:37,63,0,0
BRDA:70,64,0,5
BRDA:43,65,0,1
BRDA:43,66,0,1
BRDA:45,67,0,4
BRDA:50,68,0,3
BRDA:50,69,0,1
BRDA:52,70,0,3
BRDA:54,71,0,2
BRDA:54,72,0,1
BRDA:54,73,0,2
BRDA:70,74,0,2
BRDA:59,75,0,1
BRDA:70,76,0,1
BRDA:66,77,0,2
BRF:78
BRH:57
end_of_record
